<?xml version="1.0" encoding="UTF-8"?>
<!-- Generated by org.testng.reporters.JUnitReportReporter -->
<testsuite hostname="DESKTOP-SH95AFO" failures="0" tests="1" name="ContactTests.ToCreateContactTest" time="16.030" errors="0" timestamp="2025-04-05T09:58:46 IST" skipped="0">
  <testcase classname="ContactTests.ToCreateContactTest" name="toCreateContacts_001" time="16.030"/>
  <system-out/>
</testsuite> <!-- ContactTests.ToCreateContactTest -->
