<?xml version="1.0" encoding="UTF-8"?>
<!-- Generated by org.testng.reporters.JUnitReportReporter -->
<testsuite hostname="DESKTOP-SH95AFO" failures="0" tests="1" name="OrganizationTests.ToCreateOrganizationTests" time="17.618" errors="0" timestamp="2025-04-05T09:50:19 IST" skipped="0">
  <testcase classname="OrganizationTests.ToCreateOrganizationTests" name="toCreateOrganizationtest_002" time="17.618"/>
  <system-out/>
</testsuite> <!-- OrganizationTests.ToCreateOrganizationTests -->
