<?xml version="1.0" encoding="UTF-8"?>
<!-- Generated by org.testng.reporters.JUnitReportReporter -->
<testsuite hostname="DESKTOP-SH95AFO" failures="0" tests="1" name="OrganizationTests.ToCreateOrgwithChemaicalTypeTest" time="20.080" errors="0" timestamp="2025-04-05T09:50:19 IST" skipped="0">
  <testcase classname="OrganizationTests.ToCreateOrgwithChemaicalTypeTest" name="tocreateOrganizationwithChemial_Type" time="20.080"/>
  <system-out/>
</testsuite> <!-- OrganizationTests.ToCreateOrgwithChemaicalTypeTest -->
