<?xml version="1.0" encoding="UTF-8"?>
<!-- Generated by org.testng.reporters.JUnitReportReporter -->
<testsuite hostname="DESKTOP-SH95AFO" failures="0" tests="1" name="Practise.ToLearnAssertion" time="0.030" errors="0" timestamp="2025-03-22T09:25:27 IST" skipped="0">
  <testcase classname="Practise.ToLearnAssertion" name="LearnAssertion" time="0.030"/>
  <system-out/>
</testsuite> <!-- Practise.ToLearnAssertion -->
