<?xml version="1.0" encoding="UTF-8"?>
<!-- Generated by org.testng.reporters.JUnitReportReporter -->
<testsuite hostname="DESKTOP-SH95AFO" failures="0" tests="1" name="OrganizationTests.ToCreateOrganizationwithChemTests" time="19.533" errors="0" timestamp="2025-04-05T09:50:19 IST" skipped="0">
  <testcase classname="OrganizationTests.ToCreateOrganizationwithChemTests" name="tocreateorganizationwithchemical" time="19.533"/>
  <system-out/>
</testsuite> <!-- OrganizationTests.ToCreateOrganizationwithChemTests -->
