<?xml version="1.0" encoding="UTF-8"?>
<!-- Generated by org.testng.reporters.JUnitReportReporter -->
<testsuite hostname="DESKTOP-SH95AFO" failures="0" tests="1" name="ContactTests.ToCreateContactwithOrganizationlokupimg" time="55.449" errors="0" timestamp="2025-03-25T09:58:24 IST" skipped="0">
  <testcase classname="ContactTests.ToCreateContactwithOrganizationlokupimg" name="toCreateContactwithOrganizationlokupimg" time="55.449"/>
  <system-out/>
</testsuite> <!-- ContactTests.ToCreateContactwithOrganizationlokupimg -->
