<?xml version="1.0" encoding="UTF-8"?>
<!-- Generated by org.testng.reporters.JUnitReportReporter -->
<testsuite hostname="DESKTOP-SH95AFO" failures="0" tests="1" name="OrganizationTests.ToCreateOrganizationwithChemial_Type" time="17.190" errors="0" timestamp="2025-03-24T09:47:57 IST" skipped="0">
  <testcase classname="OrganizationTests.ToCreateOrganizationwithChemial_Type" name="tocreateOrganizationwithChemial_Type" time="17.190"/>
  <system-out/>
</testsuite> <!-- OrganizationTests.ToCreateOrganizationwithChemial_Type -->
