<?xml version="1.0" encoding="UTF-8"?>
<!-- Generated by org.testng.reporters.JUnitReportReporter -->
<testsuite hostname="DESKTOP-SH95AFO" failures="0" tests="2" name="OrganizationTests.ToCreateOrganizationTests" time="57.412" errors="0" timestamp="2025-03-24T09:47:57 IST" skipped="0">
  <testcase classname="OrganizationTests.ToCreateOrganizationTests" name="toCreateOrganizationtest_002" time="28.967"/>
  <system-out/>
  <testcase classname="OrganizationTests.ToCreateOrganizationTests" name="toCreateOrganizationtest_002" time="28.445"/>
  <system-out/>
</testsuite> <!-- OrganizationTests.ToCreateOrganizationTests -->
