<?xml version="1.0" encoding="UTF-8"?>
<!-- Generated by org.testng.reporters.JUnitReportReporter -->
<testsuite hostname="DESKTOP-SH95AFO" failures="0" tests="1" name="OrganizationTests.ToCreateOrganizationTest" time="19.245" errors="0" timestamp="2025-04-05T10:04:20 IST" skipped="0">
  <testcase classname="OrganizationTests.ToCreateOrganizationTest" name="toCreateOrganizationtest_002" time="19.245"/>
  <system-out/>
</testsuite> <!-- OrganizationTests.ToCreateOrganizationTest -->
