<?xml version="1.0" encoding="UTF-8"?>
<!-- Generated by org.testng.reporters.JUnitReportReporter -->
<testsuite hostname="DESKTOP-SH95AFO" failures="0" tests="1" name="OrganizationTests.ToCreateOrgwithChemaicalTypeTest" time="19.669" errors="0" timestamp="2025-03-27T09:22:15 IST" skipped="0">
  <testcase classname="OrganizationTests.ToCreateOrgwithChemaicalTypeTest" name="tocreateOrganizationwithChemial_Type" time="19.669"/>
  <system-out/>
</testsuite> <!-- OrganizationTests.ToCreateOrgwithChemaicalTypeTest -->
