<?xml version="1.0" encoding="UTF-8"?>
<!-- Generated by org.testng.reporters.JUnitReportReporter -->
<testsuite hostname="DESKTOP-SH95AFO" failures="0" tests="1" name="OrganizationTests.ToCreateOrganizationwithChemTest" time="19.284" errors="0" timestamp="2025-04-05T10:11:02 IST" skipped="0">
  <testcase classname="OrganizationTests.ToCreateOrganizationwithChemTest" name="tocreateorganizationwithchemical" time="19.284"/>
  <system-out/>
</testsuite> <!-- OrganizationTests.ToCreateOrganizationwithChemTest -->
